<?xml version="1.0" encoding="UTF-8"?>
<testsuite name="Automation Demo Site" tests="1" skipped="0" failures="0" errors="0" timestamp="2021-03-03T12:46:32" hostname="LAPTOP-AVRRJBHF" time="18.464">
  <properties/>
  <testcase name="New user registration" classname="Automation Demo Site" time="18.464"/>
  <system-out><![CDATA[]]></system-out>
  <system-err><![CDATA[[Test worker] WARN net.thucydides.core.steps.BaseStepListener - stepStarted: net.thucydides.core.steps.ExecutedStepDescription@576537db
[Test worker] WARN net.thucydides.core.steps.BaseStepListener - stepStarted: net.thucydides.core.steps.ExecutedStepDescription@52006c62
[Test worker] WARN net.thucydides.core.steps.BaseStepListener - stepStarted: net.thucydides.core.steps.ExecutedStepDescription@14ada0b1
mar. 03, 2021 7:46:33 A. M. org.openqa.selenium.remote.DesiredCapabilities chrome
INFO: Using `new ChromeOptions()` is preferred to `DesiredCapabilities.chrome()`
[Test worker] INFO net.serenitybdd.core.webdriver.driverproviders.ProvideNewDriver - Instantiating driver
[Test worker] INFO net.serenitybdd.core.webdriver.driverproviders.ProvideNewDriver - Driver capabilities: Capabilities {acceptInsecureCerts: false, browserName: chrome, chrome.switches: --star-maximized, goog:chromeOptions: {args: [--star-maximized], extensions: []}, loggingPrefs: org.openqa.selenium.logging..., platform: ANY, version: }
Starting ChromeDriver 88.0.4324.96 (68dba2d8a0b149a1d3afac56fa74648032bcf46b-refs/branch-heads/4324@{#1784}) on port 35779
Only local connections are allowed.
Please see https://chromedriver.chromium.org/security-considerations for suggestions on keeping ChromeDriver safe.
ChromeDriver was started successfully.
mar. 03, 2021 7:46:36 A. M. org.openqa.selenium.remote.ProtocolHandshake createSession
INFO: Detected dialect: W3C
[Test worker] WARN net.thucydides.core.steps.BaseStepListener - stepFinished: current outcome:New user registration:Example: {strFirsName=Juan, strLastName=Carlos, strAddress=carrera 17a n 36 40, strEmailAddress=adioslave@live.com, srtPhone=3208581516, strSkills=Implementation, strContry=Colombia, srtYear=1985, srtDay=10, strPassword=Password1234, strValidate=Automation Demo Site} [Given The user wants to register on the platform [User open up [User opens the Automation demo site page]]]
[Test worker] WARN net.thucydides.core.steps.BaseStepListener - stepFinished: current outcome:New user registration:Example: {strFirsName=Juan, strLastName=Carlos, strAddress=carrera 17a n 36 40, strEmailAddress=adioslave@live.com, srtPhone=3208581516, strSkills=Implementation, strContry=Colombia, srtYear=1985, srtDay=10, strPassword=Password1234, strValidate=Automation Demo Site} [Given The user wants to register on the platform [User open up [User opens the Automation demo site page]]]
[Test worker] WARN net.thucydides.core.steps.BaseStepListener - stepFinished: current outcome:New user registration:Example: {strFirsName=Juan, strLastName=Carlos, strAddress=carrera 17a n 36 40, strEmailAddress=adioslave@live.com, srtPhone=3208581516, strSkills=Implementation, strContry=Colombia, srtYear=1985, srtDay=10, strPassword=Password1234, strValidate=Automation Demo Site} [Given The user wants to register on the platform [User open up [User opens the Automation demo site page]]]
[Test worker] WARN net.thucydides.core.steps.BaseStepListener - stepStarted: net.thucydides.core.steps.ExecutedStepDescription@202ccfbf
[Test worker] WARN net.thucydides.core.steps.BaseStepListener - stepStarted: net.thucydides.core.steps.ExecutedStepDescription@5bb8ae0e
[Test worker] WARN net.thucydides.core.steps.BaseStepListener - stepStarted: net.thucydides.core.steps.ExecutedStepDescription@2e4589d0
[Test worker] WARN net.thucydides.core.steps.BaseStepListener - stepFinished: current outcome:New user registration:Example: {strFirsName=Juan, strLastName=Carlos, strAddress=carrera 17a n 36 40, strEmailAddress=adioslave@live.com, srtPhone=3208581516, strSkills=Implementation, strContry=Colombia, srtYear=1985, srtDay=10, strPassword=Password1234, strValidate=Automation Demo Site} [Given The user wants to register on the platform [User open up [User opens the Automation demo site page]], When register the fields requested by the platform
| strFirsName | strLastName | strAddress | strEmailAddress | srtPhone | strSkills | strContry | srtYear | srtDay | strPassword |
| Juan | Carlos | carrera 17a n 36 40 | adioslave@live.com | 3208581516 | Implementation | Colombia | 1985 | 10 | Password1234 | [User record [User enters 'Juan' into where do we write the First name]]]
[Test worker] WARN net.thucydides.core.steps.BaseStepListener - stepStarted: net.thucydides.core.steps.ExecutedStepDescription@7e386973
[Test worker] WARN net.thucydides.core.steps.BaseStepListener - stepFinished: current outcome:New user registration:Example: {strFirsName=Juan, strLastName=Carlos, strAddress=carrera 17a n 36 40, strEmailAddress=adioslave@live.com, srtPhone=3208581516, strSkills=Implementation, strContry=Colombia, srtYear=1985, srtDay=10, strPassword=Password1234, strValidate=Automation Demo Site} [Given The user wants to register on the platform [User open up [User opens the Automation demo site page]], When register the fields requested by the platform
| strFirsName | strLastName | strAddress | strEmailAddress | srtPhone | strSkills | strContry | srtYear | srtDay | strPassword |
| Juan | Carlos | carrera 17a n 36 40 | adioslave@live.com | 3208581516 | Implementation | Colombia | 1985 | 10 | Password1234 | [User record [User enters 'Juan' into where do we write the First name, User enters 'Carlos' into where do we write the last name]]]
[Test worker] WARN net.thucydides.core.steps.BaseStepListener - stepStarted: net.thucydides.core.steps.ExecutedStepDescription@f7c5b73
[Test worker] WARN net.thucydides.core.steps.BaseStepListener - stepFinished: current outcome:New user registration:Example: {strFirsName=Juan, strLastName=Carlos, strAddress=carrera 17a n 36 40, strEmailAddress=adioslave@live.com, srtPhone=3208581516, strSkills=Implementation, strContry=Colombia, srtYear=1985, srtDay=10, strPassword=Password1234, strValidate=Automation Demo Site} [Given The user wants to register on the platform [User open up [User opens the Automation demo site page]], When register the fields requested by the platform
| strFirsName | strLastName | strAddress | strEmailAddress | srtPhone | strSkills | strContry | srtYear | srtDay | strPassword |
| Juan | Carlos | carrera 17a n 36 40 | adioslave@live.com | 3208581516 | Implementation | Colombia | 1985 | 10 | Password1234 | [User record [User enters 'Juan' into where do we write the First name, User enters 'Carlos' into where do we write the last name, User enters 'carrera 17a n 36 40' into where do we write the address]]]
[Test worker] WARN net.thucydides.core.steps.BaseStepListener - stepStarted: net.thucydides.core.steps.ExecutedStepDescription@75dc4986
[Test worker] WARN net.thucydides.core.steps.BaseStepListener - stepFinished: current outcome:New user registration:Example: {strFirsName=Juan, strLastName=Carlos, strAddress=carrera 17a n 36 40, strEmailAddress=adioslave@live.com, srtPhone=3208581516, strSkills=Implementation, strContry=Colombia, srtYear=1985, srtDay=10, strPassword=Password1234, strValidate=Automation Demo Site} [Given The user wants to register on the platform [User open up [User opens the Automation demo site page]], When register the fields requested by the platform
| strFirsName | strLastName | strAddress | strEmailAddress | srtPhone | strSkills | strContry | srtYear | srtDay | strPassword |
| Juan | Carlos | carrera 17a n 36 40 | adioslave@live.com | 3208581516 | Implementation | Colombia | 1985 | 10 | Password1234 | [User record [User enters 'Juan' into where do we write the First name, User enters 'Carlos' into where do we write the last name, User enters 'carrera 17a n 36 40' into where do we write the address, User enters 'adioslave@live.com' into where we write the email address]]]
[Test worker] WARN net.thucydides.core.steps.BaseStepListener - stepStarted: net.thucydides.core.steps.ExecutedStepDescription@51d77cff
[Test worker] WARN net.thucydides.core.steps.BaseStepListener - stepFinished: current outcome:New user registration:Example: {strFirsName=Juan, strLastName=Carlos, strAddress=carrera 17a n 36 40, strEmailAddress=adioslave@live.com, srtPhone=3208581516, strSkills=Implementation, strContry=Colombia, srtYear=1985, srtDay=10, strPassword=Password1234, strValidate=Automation Demo Site} [Given The user wants to register on the platform [User open up [User opens the Automation demo site page]], When register the fields requested by the platform
| strFirsName | strLastName | strAddress | strEmailAddress | srtPhone | strSkills | strContry | srtYear | srtDay | strPassword |
| Juan | Carlos | carrera 17a n 36 40 | adioslave@live.com | 3208581516 | Implementation | Colombia | 1985 | 10 | Password1234 | [User record [User enters 'Juan' into where do we write the First name, User enters 'Carlos' into where do we write the last name, User enters 'carrera 17a n 36 40' into where do we write the address, User enters 'adioslave@live.com' into where we write the email address, User enters '3208581516' into where do we write the phone]]]
[Test worker] WARN net.thucydides.core.steps.BaseStepListener - stepStarted: net.thucydides.core.steps.ExecutedStepDescription@6fdd5851
[Test worker] WARN net.thucydides.core.steps.BaseStepListener - stepFinished: current outcome:New user registration:Example: {strFirsName=Juan, strLastName=Carlos, strAddress=carrera 17a n 36 40, strEmailAddress=adioslave@live.com, srtPhone=3208581516, strSkills=Implementation, strContry=Colombia, srtYear=1985, srtDay=10, strPassword=Password1234, strValidate=Automation Demo Site} [Given The user wants to register on the platform [User open up [User opens the Automation demo site page]], When register the fields requested by the platform
| strFirsName | strLastName | strAddress | strEmailAddress | srtPhone | strSkills | strContry | srtYear | srtDay | strPassword |
| Juan | Carlos | carrera 17a n 36 40 | adioslave@live.com | 3208581516 | Implementation | Colombia | 1985 | 10 | Password1234 | [User record [User enters 'Juan' into where do we write the First name, User enters 'Carlos' into where do we write the last name, User enters 'carrera 17a n 36 40' into where do we write the address, User enters 'adioslave@live.com' into where we write the email address, User enters '3208581516' into where do we write the phone, User clicks on where we select the genre]]]
[Test worker] WARN net.thucydides.core.steps.BaseStepListener - stepStarted: net.thucydides.core.steps.ExecutedStepDescription@79bf21f1
[Test worker] WARN net.thucydides.core.steps.BaseStepListener - stepFinished: current outcome:New user registration:Example: {strFirsName=Juan, strLastName=Carlos, strAddress=carrera 17a n 36 40, strEmailAddress=adioslave@live.com, srtPhone=3208581516, strSkills=Implementation, strContry=Colombia, srtYear=1985, srtDay=10, strPassword=Password1234, strValidate=Automation Demo Site} [Given The user wants to register on the platform [User open up [User opens the Automation demo site page]], When register the fields requested by the platform
| strFirsName | strLastName | strAddress | strEmailAddress | srtPhone | strSkills | strContry | srtYear | srtDay | strPassword |
| Juan | Carlos | carrera 17a n 36 40 | adioslave@live.com | 3208581516 | Implementation | Colombia | 1985 | 10 | Password1234 | [User record [User enters 'Juan' into where do we write the First name, User enters 'Carlos' into where do we write the last name, User enters 'carrera 17a n 36 40' into where do we write the address, User enters 'adioslave@live.com' into where we write the email address, User enters '3208581516' into where do we write the phone, User clicks on where we select the genre, User clicks on where we select the hobbies]]]
[Test worker] WARN net.thucydides.core.steps.BaseStepListener - stepStarted: net.thucydides.core.steps.ExecutedStepDescription@86ad4d5
[Test worker] WARN net.thucydides.core.steps.BaseStepListener - stepFinished: current outcome:New user registration:Example: {strFirsName=Juan, strLastName=Carlos, strAddress=carrera 17a n 36 40, strEmailAddress=adioslave@live.com, srtPhone=3208581516, strSkills=Implementation, strContry=Colombia, srtYear=1985, srtDay=10, strPassword=Password1234, strValidate=Automation Demo Site} [Given The user wants to register on the platform [User open up [User opens the Automation demo site page]], When register the fields requested by the platform
| strFirsName | strLastName | strAddress | strEmailAddress | srtPhone | strSkills | strContry | srtYear | srtDay | strPassword |
| Juan | Carlos | carrera 17a n 36 40 | adioslave@live.com | 3208581516 | Implementation | Colombia | 1985 | 10 | Password1234 | [User record [User enters 'Juan' into where do we write the First name, User enters 'Carlos' into where do we write the last name, User enters 'carrera 17a n 36 40' into where do we write the address, User enters 'adioslave@live.com' into where we write the email address, User enters '3208581516' into where do we write the phone, User clicks on where we select the genre, User clicks on where we select the hobbies, User clicks on ]]]
[Test worker] WARN net.thucydides.core.steps.BaseStepListener - stepStarted: net.thucydides.core.steps.ExecutedStepDescription@1b3cfab6
[Test worker] WARN net.thucydides.core.steps.BaseStepListener - stepFinished: current outcome:New user registration:Example: {strFirsName=Juan, strLastName=Carlos, strAddress=carrera 17a n 36 40, strEmailAddress=adioslave@live.com, srtPhone=3208581516, strSkills=Implementation, strContry=Colombia, srtYear=1985, srtDay=10, strPassword=Password1234, strValidate=Automation Demo Site} [Given The user wants to register on the platform [User open up [User opens the Automation demo site page]], When register the fields requested by the platform
| strFirsName | strLastName | strAddress | strEmailAddress | srtPhone | strSkills | strContry | srtYear | srtDay | strPassword |
| Juan | Carlos | carrera 17a n 36 40 | adioslave@live.com | 3208581516 | Implementation | Colombia | 1985 | 10 | Password1234 | [User record [User enters 'Juan' into where do we write the First name, User enters 'Carlos' into where do we write the last name, User enters 'carrera 17a n 36 40' into where do we write the address, User enters 'adioslave@live.com' into where we write the email address, User enters '3208581516' into where do we write the phone, User clicks on where we select the genre, User clicks on where we select the hobbies, User clicks on , User clicks on ]]]
[Test worker] WARN net.thucydides.core.steps.BaseStepListener - stepStarted: net.thucydides.core.steps.ExecutedStepDescription@6a1a8708
[Test worker] WARN net.thucydides.core.steps.BaseStepListener - stepFinished: current outcome:New user registration:Example: {strFirsName=Juan, strLastName=Carlos, strAddress=carrera 17a n 36 40, strEmailAddress=adioslave@live.com, srtPhone=3208581516, strSkills=Implementation, strContry=Colombia, srtYear=1985, srtDay=10, strPassword=Password1234, strValidate=Automation Demo Site} [Given The user wants to register on the platform [User open up [User opens the Automation demo site page]], When register the fields requested by the platform
| strFirsName | strLastName | strAddress | strEmailAddress | srtPhone | strSkills | strContry | srtYear | srtDay | strPassword |
| Juan | Carlos | carrera 17a n 36 40 | adioslave@live.com | 3208581516 | Implementation | Colombia | 1985 | 10 | Password1234 | [User record [User enters 'Juan' into where do we write the First name, User enters 'Carlos' into where do we write the last name, User enters 'carrera 17a n 36 40' into where do we write the address, User enters 'adioslave@live.com' into where we write the email address, User enters '3208581516' into where do we write the phone, User clicks on where we select the genre, User clicks on where we select the hobbies, User clicks on , User clicks on , User select Implementation on where we select the skills]]]
[Test worker] WARN net.thucydides.core.steps.BaseStepListener - stepStarted: net.thucydides.core.steps.ExecutedStepDescription@5d991c25
[Test worker] WARN net.thucydides.core.steps.BaseStepListener - stepFinished: current outcome:New user registration:Example: {strFirsName=Juan, strLastName=Carlos, strAddress=carrera 17a n 36 40, strEmailAddress=adioslave@live.com, srtPhone=3208581516, strSkills=Implementation, strContry=Colombia, srtYear=1985, srtDay=10, strPassword=Password1234, strValidate=Automation Demo Site} [Given The user wants to register on the platform [User open up [User opens the Automation demo site page]], When register the fields requested by the platform
| strFirsName | strLastName | strAddress | strEmailAddress | srtPhone | strSkills | strContry | srtYear | srtDay | strPassword |
| Juan | Carlos | carrera 17a n 36 40 | adioslave@live.com | 3208581516 | Implementation | Colombia | 1985 | 10 | Password1234 | [User record [User enters 'Juan' into where do we write the First name, User enters 'Carlos' into where do we write the last name, User enters 'carrera 17a n 36 40' into where do we write the address, User enters 'adioslave@live.com' into where we write the email address, User enters '3208581516' into where do we write the phone, User clicks on where we select the genre, User clicks on where we select the hobbies, User clicks on , User clicks on , User select Implementation on where we select the skills, User select Colombia on where we select the country]]]
[Test worker] WARN net.thucydides.core.steps.BaseStepListener - stepStarted: net.thucydides.core.steps.ExecutedStepDescription@7e03defc
[Test worker] WARN net.thucydides.core.steps.BaseStepListener - stepFinished: current outcome:New user registration:Example: {strFirsName=Juan, strLastName=Carlos, strAddress=carrera 17a n 36 40, strEmailAddress=adioslave@live.com, srtPhone=3208581516, strSkills=Implementation, strContry=Colombia, srtYear=1985, srtDay=10, strPassword=Password1234, strValidate=Automation Demo Site} [Given The user wants to register on the platform [User open up [User opens the Automation demo site page]], When register the fields requested by the platform
| strFirsName | strLastName | strAddress | strEmailAddress | srtPhone | strSkills | strContry | srtYear | srtDay | strPassword |
| Juan | Carlos | carrera 17a n 36 40 | adioslave@live.com | 3208581516 | Implementation | Colombia | 1985 | 10 | Password1234 | [User record [User enters 'Juan' into where do we write the First name, User enters 'Carlos' into where do we write the last name, User enters 'carrera 17a n 36 40' into where do we write the address, User enters 'adioslave@live.com' into where we write the email address, User enters '3208581516' into where do we write the phone, User clicks on where we select the genre, User clicks on where we select the hobbies, User clicks on , User clicks on , User select Implementation on where we select the skills, User select Colombia on where we select the country, User clicks on where we select the city]]]
[Test worker] WARN net.thucydides.core.steps.BaseStepListener - stepStarted: net.thucydides.core.steps.ExecutedStepDescription@13fd6df7
[Test worker] WARN net.thucydides.core.steps.BaseStepListener - stepFinished: current outcome:New user registration:Example: {strFirsName=Juan, strLastName=Carlos, strAddress=carrera 17a n 36 40, strEmailAddress=adioslave@live.com, srtPhone=3208581516, strSkills=Implementation, strContry=Colombia, srtYear=1985, srtDay=10, strPassword=Password1234, strValidate=Automation Demo Site} [Given The user wants to register on the platform [User open up [User opens the Automation demo site page]], When register the fields requested by the platform
| strFirsName | strLastName | strAddress | strEmailAddress | srtPhone | strSkills | strContry | srtYear | srtDay | strPassword |
| Juan | Carlos | carrera 17a n 36 40 | adioslave@live.com | 3208581516 | Implementation | Colombia | 1985 | 10 | Password1234 | [User record [User enters 'Juan' into where do we write the First name, User enters 'Carlos' into where do we write the last name, User enters 'carrera 17a n 36 40' into where do we write the address, User enters 'adioslave@live.com' into where we write the email address, User enters '3208581516' into where do we write the phone, User clicks on where we select the genre, User clicks on where we select the hobbies, User clicks on , User clicks on , User select Implementation on where we select the skills, User select Colombia on where we select the country, User clicks on where we select the city, User clicks on where we select the city]]]
[Test worker] WARN net.thucydides.core.steps.BaseStepListener - stepStarted: net.thucydides.core.steps.ExecutedStepDescription@2431a95a
[Test worker] WARN net.thucydides.core.steps.BaseStepListener - stepFinished: current outcome:New user registration:Example: {strFirsName=Juan, strLastName=Carlos, strAddress=carrera 17a n 36 40, strEmailAddress=adioslave@live.com, srtPhone=3208581516, strSkills=Implementation, strContry=Colombia, srtYear=1985, srtDay=10, strPassword=Password1234, strValidate=Automation Demo Site} [Given The user wants to register on the platform [User open up [User opens the Automation demo site page]], When register the fields requested by the platform
| strFirsName | strLastName | strAddress | strEmailAddress | srtPhone | strSkills | strContry | srtYear | srtDay | strPassword |
| Juan | Carlos | carrera 17a n 36 40 | adioslave@live.com | 3208581516 | Implementation | Colombia | 1985 | 10 | Password1234 | [User record [User enters 'Juan' into where do we write the First name, User enters 'Carlos' into where do we write the last name, User enters 'carrera 17a n 36 40' into where do we write the address, User enters 'adioslave@live.com' into where we write the email address, User enters '3208581516' into where do we write the phone, User clicks on where we select the genre, User clicks on where we select the hobbies, User clicks on , User clicks on , User select Implementation on where we select the skills, User select Colombia on where we select the country, User clicks on where we select the city, User clicks on where we select the city, User select 1985 on where we select the date of birth (year)]]]
[Test worker] WARN net.thucydides.core.steps.BaseStepListener - stepStarted: net.thucydides.core.steps.ExecutedStepDescription@59e5c83f
[Test worker] WARN net.thucydides.core.steps.BaseStepListener - stepFinished: current outcome:New user registration:Example: {strFirsName=Juan, strLastName=Carlos, strAddress=carrera 17a n 36 40, strEmailAddress=adioslave@live.com, srtPhone=3208581516, strSkills=Implementation, strContry=Colombia, srtYear=1985, srtDay=10, strPassword=Password1234, strValidate=Automation Demo Site} [Given The user wants to register on the platform [User open up [User opens the Automation demo site page]], When register the fields requested by the platform
| strFirsName | strLastName | strAddress | strEmailAddress | srtPhone | strSkills | strContry | srtYear | srtDay | strPassword |
| Juan | Carlos | carrera 17a n 36 40 | adioslave@live.com | 3208581516 | Implementation | Colombia | 1985 | 10 | Password1234 | [User record [User enters 'Juan' into where do we write the First name, User enters 'Carlos' into where do we write the last name, User enters 'carrera 17a n 36 40' into where do we write the address, User enters 'adioslave@live.com' into where we write the email address, User enters '3208581516' into where do we write the phone, User clicks on where we select the genre, User clicks on where we select the hobbies, User clicks on , User clicks on , User select Implementation on where we select the skills, User select Colombia on where we select the country, User clicks on where we select the city, User clicks on where we select the city, User select 1985 on where we select the date of birth (year), User clicks on where we select the date of birth (month)]]]
[Test worker] WARN net.thucydides.core.steps.BaseStepListener - stepStarted: net.thucydides.core.steps.ExecutedStepDescription@5b25ae3f
[Test worker] WARN net.thucydides.core.steps.BaseStepListener - stepFinished: current outcome:New user registration:Example: {strFirsName=Juan, strLastName=Carlos, strAddress=carrera 17a n 36 40, strEmailAddress=adioslave@live.com, srtPhone=3208581516, strSkills=Implementation, strContry=Colombia, srtYear=1985, srtDay=10, strPassword=Password1234, strValidate=Automation Demo Site} [Given The user wants to register on the platform [User open up [User opens the Automation demo site page]], When register the fields requested by the platform
| strFirsName | strLastName | strAddress | strEmailAddress | srtPhone | strSkills | strContry | srtYear | srtDay | strPassword |
| Juan | Carlos | carrera 17a n 36 40 | adioslave@live.com | 3208581516 | Implementation | Colombia | 1985 | 10 | Password1234 | [User record [User enters 'Juan' into where do we write the First name, User enters 'Carlos' into where do we write the last name, User enters 'carrera 17a n 36 40' into where do we write the address, User enters 'adioslave@live.com' into where we write the email address, User enters '3208581516' into where do we write the phone, User clicks on where we select the genre, User clicks on where we select the hobbies, User clicks on , User clicks on , User select Implementation on where we select the skills, User select Colombia on where we select the country, User clicks on where we select the city, User clicks on where we select the city, User select 1985 on where we select the date of birth (year), User clicks on where we select the date of birth (month), User clicks on where we select the date of birth (month)]]]
[Test worker] WARN net.thucydides.core.steps.BaseStepListener - stepStarted: net.thucydides.core.steps.ExecutedStepDescription@7c2c84b6
[Test worker] WARN net.thucydides.core.steps.BaseStepListener - stepFinished: current outcome:New user registration:Example: {strFirsName=Juan, strLastName=Carlos, strAddress=carrera 17a n 36 40, strEmailAddress=adioslave@live.com, srtPhone=3208581516, strSkills=Implementation, strContry=Colombia, srtYear=1985, srtDay=10, strPassword=Password1234, strValidate=Automation Demo Site} [Given The user wants to register on the platform [User open up [User opens the Automation demo site page]], When register the fields requested by the platform
| strFirsName | strLastName | strAddress | strEmailAddress | srtPhone | strSkills | strContry | srtYear | srtDay | strPassword |
| Juan | Carlos | carrera 17a n 36 40 | adioslave@live.com | 3208581516 | Implementation | Colombia | 1985 | 10 | Password1234 | [User record [User enters 'Juan' into where do we write the First name, User enters 'Carlos' into where do we write the last name, User enters 'carrera 17a n 36 40' into where do we write the address, User enters 'adioslave@live.com' into where we write the email address, User enters '3208581516' into where do we write the phone, User clicks on where we select the genre, User clicks on where we select the hobbies, User clicks on , User clicks on , User select Implementation on where we select the skills, User select Colombia on where we select the country, User clicks on where we select the city, User clicks on where we select the city, User select 1985 on where we select the date of birth (year), User clicks on where we select the date of birth (month), User clicks on where we select the date of birth (month), User select 10 on where we select the date of birth (day)]]]
[Test worker] WARN net.thucydides.core.steps.BaseStepListener - stepStarted: net.thucydides.core.steps.ExecutedStepDescription@386f2130
[Test worker] WARN net.thucydides.core.steps.BaseStepListener - stepFinished: current outcome:New user registration:Example: {strFirsName=Juan, strLastName=Carlos, strAddress=carrera 17a n 36 40, strEmailAddress=adioslave@live.com, srtPhone=3208581516, strSkills=Implementation, strContry=Colombia, srtYear=1985, srtDay=10, strPassword=Password1234, strValidate=Automation Demo Site} [Given The user wants to register on the platform [User open up [User opens the Automation demo site page]], When register the fields requested by the platform
| strFirsName | strLastName | strAddress | strEmailAddress | srtPhone | strSkills | strContry | srtYear | srtDay | strPassword |
| Juan | Carlos | carrera 17a n 36 40 | adioslave@live.com | 3208581516 | Implementation | Colombia | 1985 | 10 | Password1234 | [User record [User enters 'Juan' into where do we write the First name, User enters 'Carlos' into where do we write the last name, User enters 'carrera 17a n 36 40' into where do we write the address, User enters 'adioslave@live.com' into where we write the email address, User enters '3208581516' into where do we write the phone, User clicks on where we select the genre, User clicks on where we select the hobbies, User clicks on , User clicks on , User select Implementation on where we select the skills, User select Colombia on where we select the country, User clicks on where we select the city, User clicks on where we select the city, User select 1985 on where we select the date of birth (year), User clicks on where we select the date of birth (month), User clicks on where we select the date of birth (month), User select 10 on where we select the date of birth (day), User enters 'Password1234' into where we assign the password]]]
[Test worker] WARN net.thucydides.core.steps.BaseStepListener - stepStarted: net.thucydides.core.steps.ExecutedStepDescription@110e8735
[Test worker] WARN net.thucydides.core.steps.BaseStepListener - stepFinished: current outcome:New user registration:Example: {strFirsName=Juan, strLastName=Carlos, strAddress=carrera 17a n 36 40, strEmailAddress=adioslave@live.com, srtPhone=3208581516, strSkills=Implementation, strContry=Colombia, srtYear=1985, srtDay=10, strPassword=Password1234, strValidate=Automation Demo Site} [Given The user wants to register on the platform [User open up [User opens the Automation demo site page]], When register the fields requested by the platform
| strFirsName | strLastName | strAddress | strEmailAddress | srtPhone | strSkills | strContry | srtYear | srtDay | strPassword |
| Juan | Carlos | carrera 17a n 36 40 | adioslave@live.com | 3208581516 | Implementation | Colombia | 1985 | 10 | Password1234 | [User record [User enters 'Juan' into where do we write the First name, User enters 'Carlos' into where do we write the last name, User enters 'carrera 17a n 36 40' into where do we write the address, User enters 'adioslave@live.com' into where we write the email address, User enters '3208581516' into where do we write the phone, User clicks on where we select the genre, User clicks on where we select the hobbies, User clicks on , User clicks on , User select Implementation on where we select the skills, User select Colombia on where we select the country, User clicks on where we select the city, User clicks on where we select the city, User select 1985 on where we select the date of birth (year), User clicks on where we select the date of birth (month), User clicks on where we select the date of birth (month), User select 10 on where we select the date of birth (day), User enters 'Password1234' into where we assign the password, User enters 'Password1234' into where we confirm the password]]]
[Test worker] WARN net.thucydides.core.steps.BaseStepListener - stepStarted: net.thucydides.core.steps.ExecutedStepDescription@1f06fcd4
[Test worker] WARN net.thucydides.core.steps.BaseStepListener - stepFinished: current outcome:New user registration:Example: {strFirsName=Juan, strLastName=Carlos, strAddress=carrera 17a n 36 40, strEmailAddress=adioslave@live.com, srtPhone=3208581516, strSkills=Implementation, strContry=Colombia, srtYear=1985, srtDay=10, strPassword=Password1234, strValidate=Automation Demo Site} [Given The user wants to register on the platform [User open up [User opens the Automation demo site page]], When register the fields requested by the platform
| strFirsName | strLastName | strAddress | strEmailAddress | srtPhone | strSkills | strContry | srtYear | srtDay | strPassword |
| Juan | Carlos | carrera 17a n 36 40 | adioslave@live.com | 3208581516 | Implementation | Colombia | 1985 | 10 | Password1234 | [User record [User enters 'Juan' into where do we write the First name, User enters 'Carlos' into where do we write the last name, User enters 'carrera 17a n 36 40' into where do we write the address, User enters 'adioslave@live.com' into where we write the email address, User enters '3208581516' into where do we write the phone, User clicks on where we select the genre, User clicks on where we select the hobbies, User clicks on , User clicks on , User select Implementation on where we select the skills, User select Colombia on where we select the country, User clicks on where we select the city, User clicks on where we select the city, User select 1985 on where we select the date of birth (year), User clicks on where we select the date of birth (month), User clicks on where we select the date of birth (month), User select 10 on where we select the date of birth (day), User enters 'Password1234' into where we assign the password, User enters 'Password1234' into where we confirm the password, User clicks on where we send the record]]]
[Test worker] WARN net.thucydides.core.steps.BaseStepListener - stepFinished: current outcome:New user registration:Example: {strFirsName=Juan, strLastName=Carlos, strAddress=carrera 17a n 36 40, strEmailAddress=adioslave@live.com, srtPhone=3208581516, strSkills=Implementation, strContry=Colombia, srtYear=1985, srtDay=10, strPassword=Password1234, strValidate=Automation Demo Site} [Given The user wants to register on the platform [User open up [User opens the Automation demo site page]], When register the fields requested by the platform
| strFirsName | strLastName | strAddress | strEmailAddress | srtPhone | strSkills | strContry | srtYear | srtDay | strPassword |
| Juan | Carlos | carrera 17a n 36 40 | adioslave@live.com | 3208581516 | Implementation | Colombia | 1985 | 10 | Password1234 | [User record [User enters 'Juan' into where do we write the First name, User enters 'Carlos' into where do we write the last name, User enters 'carrera 17a n 36 40' into where do we write the address, User enters 'adioslave@live.com' into where we write the email address, User enters '3208581516' into where do we write the phone, User clicks on where we select the genre, User clicks on where we select the hobbies, User clicks on , User clicks on , User select Implementation on where we select the skills, User select Colombia on where we select the country, User clicks on where we select the city, User clicks on where we select the city, User select 1985 on where we select the date of birth (year), User clicks on where we select the date of birth (month), User clicks on where we select the date of birth (month), User select 10 on where we select the date of birth (day), User enters 'Password1234' into where we assign the password, User enters 'Password1234' into where we confirm the password, User clicks on where we send the record]]]
[Test worker] WARN net.thucydides.core.steps.BaseStepListener - stepFinished: current outcome:New user registration:Example: {strFirsName=Juan, strLastName=Carlos, strAddress=carrera 17a n 36 40, strEmailAddress=adioslave@live.com, srtPhone=3208581516, strSkills=Implementation, strContry=Colombia, srtYear=1985, srtDay=10, strPassword=Password1234, strValidate=Automation Demo Site} [Given The user wants to register on the platform [User open up [User opens the Automation demo site page]], When register the fields requested by the platform
| strFirsName | strLastName | strAddress | strEmailAddress | srtPhone | strSkills | strContry | srtYear | srtDay | strPassword |
| Juan | Carlos | carrera 17a n 36 40 | adioslave@live.com | 3208581516 | Implementation | Colombia | 1985 | 10 | Password1234 | [User record [User enters 'Juan' into where do we write the First name, User enters 'Carlos' into where do we write the last name, User enters 'carrera 17a n 36 40' into where do we write the address, User enters 'adioslave@live.com' into where we write the email address, User enters '3208581516' into where do we write the phone, User clicks on where we select the genre, User clicks on where we select the hobbies, User clicks on , User clicks on , User select Implementation on where we select the skills, User select Colombia on where we select the country, User clicks on where we select the city, User clicks on where we select the city, User select 1985 on where we select the date of birth (year), User clicks on where we select the date of birth (month), User clicks on where we select the date of birth (month), User select 10 on where we select the date of birth (day), User enters 'Password1234' into where we assign the password, User enters 'Password1234' into where we confirm the password, User clicks on where we send the record]]]
[Test worker] WARN net.thucydides.core.steps.BaseStepListener - stepStarted: net.thucydides.core.steps.ExecutedStepDescription@3ac26ff1
[Test worker] WARN net.thucydides.core.steps.BaseStepListener - stepStarted: net.thucydides.core.steps.ExecutedStepDescription@346fe6f4
[Test worker] WARN net.thucydides.core.steps.BaseStepListener - stepFinished: current outcome:New user registration:Example: {strFirsName=Juan, strLastName=Carlos, strAddress=carrera 17a n 36 40, strEmailAddress=adioslave@live.com, srtPhone=3208581516, strSkills=Implementation, strContry=Colombia, srtYear=1985, srtDay=10, strPassword=Password1234, strValidate=Automation Demo Site} [Given The user wants to register on the platform [User open up [User opens the Automation demo site page]], When register the fields requested by the platform
| strFirsName | strLastName | strAddress | strEmailAddress | srtPhone | strSkills | strContry | srtYear | srtDay | strPassword |
| Juan | Carlos | carrera 17a n 36 40 | adioslave@live.com | 3208581516 | Implementation | Colombia | 1985 | 10 | Password1234 | [User record [User enters 'Juan' into where do we write the First name, User enters 'Carlos' into where do we write the last name, User enters 'carrera 17a n 36 40' into where do we write the address, User enters 'adioslave@live.com' into where we write the email address, User enters '3208581516' into where do we write the phone, User clicks on where we select the genre, User clicks on where we select the hobbies, User clicks on , User clicks on , User select Implementation on where we select the skills, User select Colombia on where we select the country, User clicks on where we select the city, User clicks on where we select the city, User select 1985 on where we select the date of birth (year), User clicks on where we select the date of birth (month), User clicks on where we select the date of birth (month), User select 10 on where we select the date of birth (day), User enters 'Password1234' into where we assign the password, User enters 'Password1234' into where we confirm the password, User clicks on where we send the record]], Then register successfully
| strValidate |
| Automation Demo Site | [Then answer]]
[Test worker] WARN net.thucydides.core.steps.BaseStepListener - stepFinished: current outcome:New user registration:Example: {strFirsName=Juan, strLastName=Carlos, strAddress=carrera 17a n 36 40, strEmailAddress=adioslave@live.com, srtPhone=3208581516, strSkills=Implementation, strContry=Colombia, srtYear=1985, srtDay=10, strPassword=Password1234, strValidate=Automation Demo Site} [Given The user wants to register on the platform [User open up [User opens the Automation demo site page]], When register the fields requested by the platform
| strFirsName | strLastName | strAddress | strEmailAddress | srtPhone | strSkills | strContry | srtYear | srtDay | strPassword |
| Juan | Carlos | carrera 17a n 36 40 | adioslave@live.com | 3208581516 | Implementation | Colombia | 1985 | 10 | Password1234 | [User record [User enters 'Juan' into where do we write the First name, User enters 'Carlos' into where do we write the last name, User enters 'carrera 17a n 36 40' into where do we write the address, User enters 'adioslave@live.com' into where we write the email address, User enters '3208581516' into where do we write the phone, User clicks on where we select the genre, User clicks on where we select the hobbies, User clicks on , User clicks on , User select Implementation on where we select the skills, User select Colombia on where we select the country, User clicks on where we select the city, User clicks on where we select the city, User select 1985 on where we select the date of birth (year), User clicks on where we select the date of birth (month), User clicks on where we select the date of birth (month), User select 10 on where we select the date of birth (day), User enters 'Password1234' into where we assign the password, User enters 'Password1234' into where we confirm the password, User clicks on where we send the record]], Then register successfully
| strValidate |
| Automation Demo Site | [Then answer]]
[Test worker] WARN net.thucydides.core.steps.BaseStepListener - stepFinished: current outcome:New user registration:Example: {strFirsName=Juan, strLastName=Carlos, strAddress=carrera 17a n 36 40, strEmailAddress=adioslave@live.com, srtPhone=3208581516, strSkills=Implementation, strContry=Colombia, srtYear=1985, srtDay=10, strPassword=Password1234, strValidate=Automation Demo Site} [Given The user wants to register on the platform [User open up [User opens the Automation demo site page]], When register the fields requested by the platform
| strFirsName | strLastName | strAddress | strEmailAddress | srtPhone | strSkills | strContry | srtYear | srtDay | strPassword |
| Juan | Carlos | carrera 17a n 36 40 | adioslave@live.com | 3208581516 | Implementation | Colombia | 1985 | 10 | Password1234 | [User record [User enters 'Juan' into where do we write the First name, User enters 'Carlos' into where do we write the last name, User enters 'carrera 17a n 36 40' into where do we write the address, User enters 'adioslave@live.com' into where we write the email address, User enters '3208581516' into where do we write the phone, User clicks on where we select the genre, User clicks on where we select the hobbies, User clicks on , User clicks on , User select Implementation on where we select the skills, User select Colombia on where we select the country, User clicks on where we select the city, User clicks on where we select the city, User select 1985 on where we select the date of birth (year), User clicks on where we select the date of birth (month), User clicks on where we select the date of birth (month), User select 10 on where we select the date of birth (day), User enters 'Password1234' into where we assign the password, User enters 'Password1234' into where we confirm the password, User clicks on where we send the record]], Then register successfully
| strValidate |
| Automation Demo Site | [Then answer]]
[Test worker] WARN net.thucydides.core.steps.BaseStepListener - testFinished: New user registration:Example: {strFirsName=Juan, strLastName=Carlos, strAddress=carrera 17a n 36 40, strEmailAddress=adioslave@live.com, srtPhone=3208581516, strSkills=Implementation, strContry=Colombia, srtYear=1985, srtDay=10, strPassword=Password1234, strValidate=Automation Demo Site} [Given The user wants to register on the platform [User open up [User opens the Automation demo site page]], When register the fields requested by the platform
| strFirsName | strLastName | strAddress | strEmailAddress | srtPhone | strSkills | strContry | srtYear | srtDay | strPassword |
| Juan | Carlos | carrera 17a n 36 40 | adioslave@live.com | 3208581516 | Implementation | Colombia | 1985 | 10 | Password1234 | [User record [User enters 'Juan' into where do we write the First name, User enters 'Carlos' into where do we write the last name, User enters 'carrera 17a n 36 40' into where do we write the address, User enters 'adioslave@live.com' into where we write the email address, User enters '3208581516' into where do we write the phone, User clicks on where we select the genre, User clicks on where we select the hobbies, User clicks on , User clicks on , User select Implementation on where we select the skills, User select Colombia on where we select the country, User clicks on where we select the city, User clicks on where we select the city, User select 1985 on where we select the date of birth (year), User clicks on where we select the date of birth (month), User clicks on where we select the date of birth (month), User select 10 on where we select the date of birth (day), User enters 'Password1234' into where we assign the password, User enters 'Password1234' into where we confirm the password, User clicks on where we send the record]], Then register successfully
| strValidate |
| Automation Demo Site | [Then answer]]
[Test worker] WARN net.thucydides.core.steps.BaseStepListener - TestOutcomes: [New user registration:Example: {strFirsName=Juan, strLastName=Carlos, strAddress=carrera 17a n 36 40, strEmailAddress=adioslave@live.com, srtPhone=3208581516, strSkills=Implementation, strContry=Colombia, srtYear=1985, srtDay=10, strPassword=Password1234, strValidate=Automation Demo Site} [Given The user wants to register on the platform [User open up [User opens the Automation demo site page]], When register the fields requested by the platform
| strFirsName | strLastName | strAddress | strEmailAddress | srtPhone | strSkills | strContry | srtYear | srtDay | strPassword |
| Juan | Carlos | carrera 17a n 36 40 | adioslave@live.com | 3208581516 | Implementation | Colombia | 1985 | 10 | Password1234 | [User record [User enters 'Juan' into where do we write the First name, User enters 'Carlos' into where do we write the last name, User enters 'carrera 17a n 36 40' into where do we write the address, User enters 'adioslave@live.com' into where we write the email address, User enters '3208581516' into where do we write the phone, User clicks on where we select the genre, User clicks on where we select the hobbies, User clicks on , User clicks on , User select Implementation on where we select the skills, User select Colombia on where we select the country, User clicks on where we select the city, User clicks on where we select the city, User select 1985 on where we select the date of birth (year), User clicks on where we select the date of birth (month), User clicks on where we select the date of birth (month), User select 10 on where we select the date of birth (day), User enters 'Password1234' into where we assign the password, User enters 'Password1234' into where we confirm the password, User clicks on where we send the record]], Then register successfully
| strValidate |
| Automation Demo Site | [Then answer]]]
[Test worker] WARN net.thucydides.core.steps.BaseStepListener - Final testOutcomes: [New user registration:Example: {strFirsName=Juan, strLastName=Carlos, strAddress=carrera 17a n 36 40, strEmailAddress=adioslave@live.com, srtPhone=3208581516, strSkills=Implementation, strContry=Colombia, srtYear=1985, srtDay=10, strPassword=Password1234, strValidate=Automation Demo Site} [Given The user wants to register on the platform [User open up [User opens the Automation demo site page]], When register the fields requested by the platform
| strFirsName | strLastName | strAddress | strEmailAddress | srtPhone | strSkills | strContry | srtYear | srtDay | strPassword |
| Juan | Carlos | carrera 17a n 36 40 | adioslave@live.com | 3208581516 | Implementation | Colombia | 1985 | 10 | Password1234 | [User record [User enters 'Juan' into where do we write the First name, User enters 'Carlos' into where do we write the last name, User enters 'carrera 17a n 36 40' into where do we write the address, User enters 'adioslave@live.com' into where we write the email address, User enters '3208581516' into where do we write the phone, User clicks on where we select the genre, User clicks on where we select the hobbies, User clicks on , User clicks on , User select Implementation on where we select the skills, User select Colombia on where we select the country, User clicks on where we select the city, User clicks on where we select the city, User select 1985 on where we select the date of birth (year), User clicks on where we select the date of birth (month), User clicks on where we select the date of birth (month), User select 10 on where we select the date of birth (day), User enters 'Password1234' into where we assign the password, User enters 'Password1234' into where we confirm the password, User clicks on where we send the record]], Then register successfully
| strValidate |
| Automation Demo Site | [Then answer]]]
[Test worker] INFO net.thucydides.core.steps.ConsoleLoggingListener - 
        __    _____ _____ ____ _____   ____   _    ____  ____  _____ ____  
  _     \ \  |_   _| ____/ ___|_   _| |  _ \ / \  / ___|/ ___|| ____|  _ \ 
 (_)_____| |   | | |  _| \___ \ | |   | |_) / _ \ \___ \\___ \|  _| | | | |
  _|_____| |   | | | |___ ___) || |   |  __/ ___ \ ___) |___) | |___| |_| |
 (_)     | |   |_| |_____|____/ |_|   |_| /_/   \_\____/|____/|_____|____/ 
        /_/                                                                

TEST PASSED: New user registration
----------------------------------------------------------------------------
]]></system-err>
</testsuite>
